<?xml version="1.0" encoding="UTF-8"?>
<testsuite name="SILab2Test" tests="2" skipped="0" failures="0" errors="0" timestamp="2022-05-19T07:23:13" hostname="LAPTOP-E3MB896N" time="0.043">
  <properties/>
  <testcase name="everyBranchCriteria()" classname="SILab2Test" time="0.039"/>
  <testcase name="everyStatementCriteria()" classname="SILab2Test" time="0.003"/>
  <system-out><![CDATA[]]></system-out>
  <system-err><![CDATA[]]></system-err>
</testsuite>
